<?xml version="1.0" encoding="UTF-8"?>
<!-- Generated by org.testng.reporters.JUnitReportReporter -->
<testsuite hostname="DESKTOP-CQ2MLA2" failures="0" tests="1" name="TextNG.VerifyBrokenImages" time="13.579" errors="0" timestamp="2023-02-21T10:17:02 IST" skipped="0">
  <testcase classname="TextNG.VerifyBrokenImages" name="validateInvalidImages" time="13.579"/>
  <system-out/>
</testsuite> <!-- TextNG.VerifyBrokenImages -->
