<?xml version="1.0" encoding="UTF-8"?>
<!-- Generated by org.testng.reporters.JUnitReportReporter -->
<testsuite hostname="DESKTOP-CQ2MLA2" failures="0" tests="1" name="TextNG.VerifyTwiiterLink" time="7.142" errors="0" timestamp="2023-02-21T21:26:44 IST" skipped="0">
  <testcase classname="TextNG.VerifyTwiiterLink" name="verifyFBLink" time="7.142"/>
  <system-out/>
</testsuite> <!-- TextNG.VerifyTwiiterLink -->
