<?xml version="1.0" encoding="UTF-8"?>
<!-- Generated by org.testng.reporters.JUnitReportReporter -->
<testsuite hostname="DESKTOP-CQ2MLA2" failures="0" tests="1" name="TextNG.ErrorButtonClose" time="7.248" errors="0" timestamp="2023-02-21T21:26:44 IST" skipped="0">
  <testcase classname="TextNG.ErrorButtonClose" name="ErrorButtonClose" time="7.248"/>
  <system-out/>
</testsuite> <!-- TextNG.ErrorButtonClose -->
