<?xml version="1.0" encoding="UTF-8"?>
<!-- Generated by org.testng.reporters.JUnitReportReporter -->
<testsuite hostname="DESKTOP-CQ2MLA2" failures="0" tests="3" name="TextNG.EachFormDetailsRequired" time="17.463" errors="0" timestamp="2023-02-21T21:26:44 IST" skipped="0">
  <testcase classname="TextNG.EachFormDetailsRequired" name="RequiredPostal" time="4.378"/>
  <system-out/>
  <testcase classname="TextNG.EachFormDetailsRequired" name="RequiredLastName" time="6.068"/>
  <system-out/>
  <testcase classname="TextNG.EachFormDetailsRequired" name="RequiredFirstName" time="7.017"/>
  <system-out/>
</testsuite> <!-- TextNG.EachFormDetailsRequired -->
